# JRE version: OpenJDK Runtime Environment Temurin-17.0.3+7 (17.0.3+7) (build 17.0.3+7)
# Java VM: OpenJDK 64-Bit Server VM Temurin-17.0.3+7 (17.0.3+7, mixed mode, tiered, compressed oops, compressed class ptrs, g1 gc, windows-amd64)
GC Precious Log:
 CPUs: 4 total, 4 available
 Memory: 8074M
 Large Page Support: Disabled
 NUMA Support: Disabled
 Compressed Oops: Enabled (32-bit)
 Heap Region Size: 1M
 Heap Min Capacity: 256M
 Heap Initial Capacity: 256M
 Heap Max Capacity: 2G
 Pre-touch: Disabled
 Parallel Workers: 4
 Concurrent Workers: 1
 Concurrent Refinement Workers: 4
 Periodic GC: Disabled
 String Deduplication is enabled
Heap:
 garbage-first heap   total 262144K, used 206638K [0x0000000080000000, 0x0000000100000000)
  region size 1024K, 62 young (63488K), 4 survivors (4096K)
 Metaspace       used 132873K, committed 135296K, reserved 1171456K
  class space    used 14559K, committed 15552K, reserved 1048576K
GC Heap History (20 events):
Event: 9107.801 GC heap before
{Heap before GC invocations=72 (full 0):
 garbage-first heap   total 262144K, used 223825K [0x0000000080000000, 0x0000000100000000)
  region size 1024K, 82 young (83968K), 4 survivors (4096K)
 Metaspace       used 132404K, committed 134912K, reserved 1171456K
  class space    used 14553K, committed 15552K, reserved 1048576K
}
Event: 9107.804 GC heap after
{Heap after GC invocations=73 (full 0):
 garbage-first heap   total 262144K, used 144609K [0x0000000080000000, 0x0000000100000000)
  region size 1024K, 4 young (4096K), 4 survivors (4096K)
 Metaspace       used 132404K, committed 134912K, reserved 1171456K
  class space    used 14553K, committed 15552K, reserved 1048576K
}
Event: 9178.546 GC heap before
{Heap before GC invocations=73 (full 0):
 garbage-first heap   total 262144K, used 223457K [0x0000000080000000, 0x0000000100000000)
  region size 1024K, 82 young (83968K), 4 survivors (4096K)
 Metaspace       used 132442K, committed 134912K, reserved 1171456K
  class space    used 14554K, committed 15552K, reserved 1048576K
}
Event: 9178.550 GC heap after
{Heap after GC invocations=74 (full 0):
 garbage-first heap   total 262144K, used 146643K [0x0000000080000000, 0x0000000100000000)
  region size 1024K, 6 young (6144K), 6 survivors (6144K)
 Metaspace       used 132442K, committed 134912K, reserved 1171456K
  class space    used 14554K, committed 15552K, reserved 1048576K
}
Event: 9248.054 GC heap before
{Heap before GC invocations=74 (full 0):
 garbage-first heap   total 262144K, used 222419K [0x0000000080000000, 0x0000000100000000)
  region size 1024K, 81 young (82944K), 6 survivors (6144K)
 Metaspace       used 132462K, committed 134912K, reserved 1171456K
  class space    used 14554K, committed 15552K, reserved 1048576K
}
Event: 9248.056 GC heap after
{Heap after GC invocations=75 (full 0):
 garbage-first heap   total 262144K, used 143246K [0x0000000080000000, 0x0000000100000000)
  region size 1024K, 2 young (2048K), 2 survivors (2048K)
 Metaspace       used 132462K, committed 134912K, reserved 1171456K
  class space    used 14554K, committed 15552K, reserved 1048576K
}
Event: 9313.057 GC heap before
{Heap before GC invocations=75 (full 0):
 garbage-first heap   total 262144K, used 224142K [0x0000000080000000, 0x0000000100000000)
  region size 1024K, 82 young (83968K), 2 survivors (2048K)
 Metaspace       used 132571K, committed 135040K, reserved 1171456K
  class space    used 14557K, committed 15552K, reserved 1048576K
}
Event: 9313.063 GC heap after
{Heap after GC invocations=76 (full 0):
 garbage-first heap   total 262144K, used 145810K [0x0000000080000000, 0x0000000100000000)
  region size 1024K, 5 young (5120K), 5 survivors (5120K)
 Metaspace       used 132571K, committed 135040K, reserved 1171456K
  class space    used 14557K, committed 15552K, reserved 1048576K
}
Event: 9772.052 GC heap before
{Heap before GC invocations=76 (full 0):
 garbage-first heap   total 262144K, used 223634K [0x0000000080000000, 0x0000000100000000)
  region size 1024K, 81 young (82944K), 5 survivors (5120K)
 Metaspace       used 132653K, committed 135104K, reserved 1171456K
  class space    used 14557K, committed 15552K, reserved 1048576K
}
Event: 9772.060 GC heap after
{Heap after GC invocations=77 (full 0):
 garbage-first heap   total 262144K, used 145653K [0x0000000080000000, 0x0000000100000000)
  region size 1024K, 5 young (5120K), 5 survivors (5120K)
 Metaspace       used 132653K, committed 135104K, reserved 1171456K
  class space    used 14557K, committed 15552K, reserved 1048576K
}
Event: 9840.520 GC heap before
{Heap before GC invocations=77 (full 0):
 garbage-first heap   total 262144K, used 223477K [0x0000000080000000, 0x0000000100000000)
  region size 1024K, 81 young (82944K), 5 survivors (5120K)
 Metaspace       used 132670K, committed 135168K, reserved 1171456K
  class space    used 14557K, committed 15552K, reserved 1048576K
}
Event: 9840.527 GC heap after
{Heap after GC invocations=78 (full 0):
 garbage-first heap   total 262144K, used 144486K [0x0000000080000000, 0x0000000100000000)
  region size 1024K, 3 young (3072K), 3 survivors (3072K)
 Metaspace       used 132670K, committed 135168K, reserved 1171456K
  class space    used 14557K, committed 15552K, reserved 1048576K
}
Event: 10473.626 GC heap before
{Heap before GC invocations=78 (full 0):
 garbage-first heap   total 262144K, used 227430K [0x0000000080000000, 0x0000000100000000)
  region size 1024K, 81 young (82944K), 3 survivors (3072K)
 Metaspace       used 132690K, committed 135168K, reserved 1171456K
  class space    used 14557K, committed 15552K, reserved 1048576K
}
Event: 10473.640 GC heap after
{Heap after GC invocations=79 (full 0):
 garbage-first heap   total 262144K, used 146857K [0x0000000080000000, 0x0000000100000000)
  region size 1024K, 6 young (6144K), 6 survivors (6144K)
 Metaspace       used 132690K, committed 135168K, reserved 1171456K
  class space    used 14557K, committed 15552K, reserved 1048576K
}
Event: 10540.416 GC heap before
{Heap before GC invocations=79 (full 0):
 garbage-first heap   total 262144K, used 222633K [0x0000000080000000, 0x0000000100000000)
  region size 1024K, 80 young (81920K), 6 survivors (6144K)
 Metaspace       used 132704K, committed 135168K, reserved 1171456K
  class space    used 14557K, committed 15552K, reserved 1048576K
}
Event: 10540.421 GC heap after
{Heap after GC invocations=80 (full 0):
 garbage-first heap   total 262144K, used 144742K [0x0000000080000000, 0x0000000100000000)
  region size 1024K, 4 young (4096K), 4 survivors (4096K)
 Metaspace       used 132704K, committed 135168K, reserved 1171456K
  class space    used 14557K, committed 15552K, reserved 1048576K
}
Event: 10696.146 GC heap before
{Heap before GC invocations=80 (full 0):
 garbage-first heap   total 262144K, used 223590K [0x0000000080000000, 0x0000000100000000)
  region size 1024K, 81 young (82944K), 4 survivors (4096K)
 Metaspace       used 132730K, committed 135232K, reserved 1171456K
  class space    used 14557K, committed 15552K, reserved 1048576K
}
Event: 10696.156 GC heap after
{Heap after GC invocations=81 (full 0):
 garbage-first heap   total 262144K, used 145047K [0x0000000080000000, 0x0000000100000000)
  region size 1024K, 4 young (4096K), 4 survivors (4096K)
 Metaspace       used 132730K, committed 135232K, reserved 1171456K
  class space    used 14557K, committed 15552K, reserved 1048576K
}
Event: 10867.949 GC heap before
{Heap before GC invocations=81 (full 0):
 garbage-first heap   total 262144K, used 224919K [0x0000000080000000, 0x0000000100000000)
  region size 1024K, 82 young (83968K), 4 survivors (4096K)
 Metaspace       used 132812K, committed 135296K, reserved 1171456K
  class space    used 14557K, committed 15552K, reserved 1048576K
}
Event: 10867.957 GC heap after
{Heap after GC invocations=82 (full 0):
 garbage-first heap   total 262144K, used 145198K [0x0000000080000000, 0x0000000100000000)
  region size 1024K, 4 young (4096K), 4 survivors (4096K)
 Metaspace       used 132812K, committed 135296K, reserved 1171456K
  class space    used 14557K, committed 15552K, reserved 1048576K
}

